# JRE version: Java(TM) SE Runtime Environment (17.0.8+9) (build 17.0.8+9-LTS-211)
# Java VM: Java HotSpot(TM) 64-Bit Server VM (17.0.8+9-LTS-211, mixed mode, sharing, tiered, compressed oops, compressed class ptrs, g1 gc, bsd-amd64)
GC Precious Log:
 CPUs: 4 total, 4 available
 Memory: 16384M
 Large Page Support: Disabled
 NUMA Support: Disabled
 Compressed Oops: Enabled (Zero based)
 Heap Region Size: 2M
 Heap Min Capacity: 8M
 Heap Initial Capacity: 256M
 Heap Max Capacity: 4G
 Pre-touch: Disabled
 Parallel Workers: 4
 Concurrent Workers: 1
 Concurrent Refinement Workers: 4
 Periodic GC: Disabled
Heap:
 garbage-first heap   total 931840K, used 598999K [0x0000000700000000, 0x0000000800000000)
  region size 2048K, 22 young (45056K), 6 survivors (12288K)
 Metaspace       used 104111K, committed 105728K, reserved 1179648K
  class space    used 15599K, committed 16320K, reserved 1048576K
GC Heap History (20 events):
Event: 56.551 GC heap before
{Heap before GC invocations=33 (full 0):
 garbage-first heap   total 507904K, used 311171K [0x0000000700000000, 0x0000000800000000)
  region size 2048K, 37 young (75776K), 13 survivors (26624K)
 Metaspace       used 89636K, committed 91136K, reserved 1179648K
  class space    used 13350K, committed 14016K, reserved 1048576K
}
Event: 56.624 GC heap after
{Heap after GC invocations=34 (full 0):
 garbage-first heap   total 507904K, used 271020K [0x0000000700000000, 0x0000000800000000)
  region size 2048K, 3 young (6144K), 3 survivors (6144K)
 Metaspace       used 89636K, committed 91136K, reserved 1179648K
  class space    used 13350K, committed 14016K, reserved 1048576K
}
Event: 59.217 GC heap before
{Heap before GC invocations=35 (full 0):
 garbage-first heap   total 581632K, used 412332K [0x0000000700000000, 0x0000000800000000)
  region size 2048K, 72 young (147456K), 3 survivors (6144K)
 Metaspace       used 89816K, committed 91328K, reserved 1179648K
  class space    used 13367K, committed 14016K, reserved 1048576K
}
Event: 59.264 GC heap after
{Heap after GC invocations=36 (full 0):
 garbage-first heap   total 581632K, used 276871K [0x0000000700000000, 0x0000000800000000)
  region size 2048K, 6 young (12288K), 6 survivors (12288K)
 Metaspace       used 89816K, committed 91328K, reserved 1179648K
  class space    used 13367K, committed 14016K, reserved 1048576K
}
Event: 59.447 GC heap before
{Heap before GC invocations=36 (full 0):
 garbage-first heap   total 581632K, used 293255K [0x0000000700000000, 0x0000000800000000)
  region size 2048K, 14 young (28672K), 6 survivors (12288K)
 Metaspace       used 89829K, committed 91328K, reserved 1179648K
  class space    used 13370K, committed 14016K, reserved 1048576K
}
Event: 59.479 GC heap after
{Heap after GC invocations=37 (full 0):
 garbage-first heap   total 811008K, used 277811K [0x0000000700000000, 0x0000000800000000)
  region size 2048K, 1 young (2048K), 1 survivors (2048K)
 Metaspace       used 89829K, committed 91328K, reserved 1179648K
  class space    used 13370K, committed 14016K, reserved 1048576K
}
Event: 88.323 GC heap before
{Heap before GC invocations=37 (full 0):
 garbage-first heap   total 811008K, used 664883K [0x0000000700000000, 0x0000000800000000)
  region size 2048K, 185 young (378880K), 1 survivors (2048K)
 Metaspace       used 93581K, committed 95168K, reserved 1179648K
  class space    used 13924K, committed 14656K, reserved 1048576K
}
Event: 88.342 GC heap after
{Heap after GC invocations=38 (full 0):
 garbage-first heap   total 811008K, used 287564K [0x0000000700000000, 0x0000000800000000)
  region size 2048K, 6 young (12288K), 6 survivors (12288K)
 Metaspace       used 93581K, committed 95168K, reserved 1179648K
  class space    used 13924K, committed 14656K, reserved 1048576K
}
Event: 125.515 GC heap before
{Heap before GC invocations=38 (full 0):
 garbage-first heap   total 811008K, used 645964K [0x0000000700000000, 0x0000000800000000)
  region size 2048K, 181 young (370688K), 6 survivors (12288K)
 Metaspace       used 93588K, committed 95168K, reserved 1179648K
  class space    used 13924K, committed 14656K, reserved 1048576K
}
Event: 125.534 GC heap after
{Heap after GC invocations=39 (full 0):
 garbage-first heap   total 811008K, used 287632K [0x0000000700000000, 0x0000000800000000)
  region size 2048K, 6 young (12288K), 6 survivors (12288K)
 Metaspace       used 93588K, committed 95168K, reserved 1179648K
  class space    used 13924K, committed 14656K, reserved 1048576K
}
Event: 130.169 GC heap before
{Heap before GC invocations=39 (full 0):
 garbage-first heap   total 811008K, used 666512K [0x0000000700000000, 0x0000000800000000)
  region size 2048K, 191 young (391168K), 6 survivors (12288K)
 Metaspace       used 95519K, committed 97152K, reserved 1179648K
  class space    used 14244K, committed 14976K, reserved 1048576K
}
Event: 130.208 GC heap after
{Heap after GC invocations=40 (full 0):
 garbage-first heap   total 811008K, used 299296K [0x0000000700000000, 0x0000000800000000)
  region size 2048K, 12 young (24576K), 12 survivors (24576K)
 Metaspace       used 95519K, committed 97152K, reserved 1179648K
  class space    used 14244K, committed 14976K, reserved 1048576K
}
Event: 131.721 GC heap before
{Heap before GC invocations=40 (full 0):
 garbage-first heap   total 811008K, used 674080K [0x0000000700000000, 0x0000000800000000)
  region size 2048K, 195 young (399360K), 12 survivors (24576K)
 Metaspace       used 100144K, committed 101760K, reserved 1179648K
  class space    used 15068K, committed 15808K, reserved 1048576K
}
Event: 131.801 GC heap after
{Heap after GC invocations=41 (full 0):
 garbage-first heap   total 811008K, used 310414K [0x0000000700000000, 0x0000000800000000)
  region size 2048K, 17 young (34816K), 17 survivors (34816K)
 Metaspace       used 100144K, committed 101760K, reserved 1179648K
  class space    used 15068K, committed 15808K, reserved 1048576K
}
Event: 142.620 GC heap before
{Heap before GC invocations=41 (full 0):
 garbage-first heap   total 811008K, used 679054K [0x0000000700000000, 0x0000000800000000)
  region size 2048K, 197 young (403456K), 17 survivors (34816K)
 Metaspace       used 103996K, committed 105600K, reserved 1179648K
  class space    used 15589K, committed 16320K, reserved 1048576K
}
Event: 142.671 GC heap after
{Heap after GC invocations=42 (full 0):
 garbage-first heap   total 811008K, used 317874K [0x0000000700000000, 0x0000000800000000)
  region size 2048K, 16 young (32768K), 16 survivors (32768K)
 Metaspace       used 103996K, committed 105600K, reserved 1179648K
  class space    used 15589K, committed 16320K, reserved 1048576K
}
Event: 144.139 GC heap before
{Heap before GC invocations=42 (full 0):
 garbage-first heap   total 811008K, used 672178K [0x0000000700000000, 0x0000000800000000)
  region size 2048K, 189 young (387072K), 16 survivors (32768K)
 Metaspace       used 104111K, committed 105728K, reserved 1179648K
  class space    used 15599K, committed 16320K, reserved 1048576K
}
Event: 144.618 GC heap after
{Heap after GC invocations=43 (full 0):
 garbage-first heap   total 931840K, used 541582K [0x0000000700000000, 0x0000000800000000)
  region size 2048K, 24 young (49152K), 24 survivors (49152K)
 Metaspace       used 104111K, committed 105728K, reserved 1179648K
  class space    used 15599K, committed 16320K, reserved 1048576K
}
Event: 144.932 GC heap before
{Heap before GC invocations=43 (full 0):
 garbage-first heap   total 931840K, used 582542K [0x0000000700000000, 0x0000000800000000)
  region size 2048K, 44 young (90112K), 24 survivors (49152K)
 Metaspace       used 104111K, committed 105728K, reserved 1179648K
  class space    used 15599K, committed 16320K, reserved 1048576K
}
Event: 145.160 GC heap after
{Heap after GC invocations=44 (full 0):
 garbage-first heap   total 931840K, used 566231K [0x0000000700000000, 0x0000000800000000)
  region size 2048K, 6 young (12288K), 6 survivors (12288K)
 Metaspace       used 104111K, committed 105728K, reserved 1179648K
  class space    used 15599K, committed 16320K, reserved 1048576K
}

