# JRE version: Java(TM) SE Runtime Environment (17.0.8+9) (build 17.0.8+9-LTS-211)
# Java VM: Java HotSpot(TM) 64-Bit Server VM (17.0.8+9-LTS-211, mixed mode, sharing, tiered, compressed oops, compressed class ptrs, g1 gc, bsd-amd64)
GC Precious Log:
 CPUs: 4 total, 4 available
 Memory: 16384M
 Large Page Support: Disabled
 NUMA Support: Disabled
 Compressed Oops: Enabled (Zero based)
 Heap Region Size: 2M
 Heap Min Capacity: 8M
 Heap Initial Capacity: 256M
 Heap Max Capacity: 4G
 Pre-touch: Disabled
 Parallel Workers: 4
 Concurrent Workers: 1
 Concurrent Refinement Workers: 4
 Periodic GC: Disabled
Heap:
 garbage-first heap   total 530432K, used 328560K [0x0000000700000000, 0x0000000800000000)
  region size 2048K, 58 young (118784K), 15 survivors (30720K)
 Metaspace       used 89311K, committed 90752K, reserved 1179648K
  class space    used 13315K, committed 13952K, reserved 1048576K
GC Heap History (20 events):
Event: 21.730 GC heap before
{Heap before GC invocations=14 (full 0):
 garbage-first heap   total 233472K, used 182119K [0x0000000700000000, 0x0000000800000000)
  region size 2048K, 53 young (108544K), 2 survivors (4096K)
 Metaspace       used 31036K, committed 32000K, reserved 1114112K
  class space    used 3775K, committed 4224K, reserved 1048576K
}
Event: 21.754 GC heap after
{Heap after GC invocations=15 (full 0):
 garbage-first heap   total 530432K, used 83079K [0x0000000700000000, 0x0000000800000000)
  region size 2048K, 4 young (8192K), 4 survivors (8192K)
 Metaspace       used 31036K, committed 32000K, reserved 1114112K
  class space    used 3775K, committed 4224K, reserved 1048576K
}
Event: 25.249 GC heap before
{Heap before GC invocations=15 (full 0):
 garbage-first heap   total 530432K, used 404615K [0x0000000700000000, 0x0000000800000000)
  region size 2048K, 155 young (317440K), 4 survivors (8192K)
 Metaspace       used 36559K, committed 37568K, reserved 1114112K
  class space    used 4448K, committed 4864K, reserved 1048576K
}
Event: 25.267 GC heap after
{Heap after GC invocations=16 (full 0):
 garbage-first heap   total 530432K, used 100342K [0x0000000700000000, 0x0000000800000000)
  region size 2048K, 6 young (12288K), 6 survivors (12288K)
 Metaspace       used 36559K, committed 37568K, reserved 1114112K
  class space    used 4448K, committed 4864K, reserved 1048576K
}
Event: 32.469 GC heap before
{Heap before GC invocations=16 (full 0):
 garbage-first heap   total 530432K, used 403446K [0x0000000700000000, 0x0000000800000000)
  region size 2048K, 155 young (317440K), 6 survivors (12288K)
 Metaspace       used 46191K, committed 47360K, reserved 1114112K
  class space    used 5960K, committed 6464K, reserved 1048576K
}
Event: 32.569 GC heap after
{Heap after GC invocations=17 (full 0):
 garbage-first heap   total 530432K, used 120702K [0x0000000700000000, 0x0000000800000000)
  region size 2048K, 16 young (32768K), 16 survivors (32768K)
 Metaspace       used 46191K, committed 47360K, reserved 1114112K
  class space    used 5960K, committed 6464K, reserved 1048576K
}
Event: 37.164 GC heap before
{Heap before GC invocations=17 (full 0):
 garbage-first heap   total 530432K, used 384894K [0x0000000700000000, 0x0000000800000000)
  region size 2048K, 146 young (299008K), 16 survivors (32768K)
 Metaspace       used 50496K, committed 51776K, reserved 1114112K
  class space    used 6626K, committed 7232K, reserved 1048576K
}
Event: 37.292 GC heap after
{Heap after GC invocations=18 (full 0):
 garbage-first heap   total 530432K, used 143382K [0x0000000700000000, 0x0000000800000000)
  region size 2048K, 20 young (40960K), 20 survivors (40960K)
 Metaspace       used 50496K, committed 51776K, reserved 1114112K
  class space    used 6626K, committed 7232K, reserved 1048576K
}
Event: 46.433 GC heap before
{Heap before GC invocations=19 (full 0):
 garbage-first heap   total 530432K, used 419862K [0x0000000700000000, 0x0000000800000000)
  region size 2048K, 155 young (317440K), 20 survivors (40960K)
 Metaspace       used 65938K, committed 67328K, reserved 1114112K
  class space    used 9937K, committed 10560K, reserved 1048576K
}
Event: 46.577 GC heap after
{Heap after GC invocations=20 (full 0):
 garbage-first heap   total 530432K, used 168371K [0x0000000700000000, 0x0000000800000000)
  region size 2048K, 12 young (24576K), 12 survivors (24576K)
 Metaspace       used 65938K, committed 67328K, reserved 1114112K
  class space    used 9937K, committed 10560K, reserved 1048576K
}
Event: 56.924 GC heap before
{Heap before GC invocations=21 (full 0):
 garbage-first heap   total 530432K, used 422323K [0x0000000700000000, 0x0000000800000000)
  region size 2048K, 136 young (278528K), 12 survivors (24576K)
 Metaspace       used 83890K, committed 85376K, reserved 1179648K
  class space    used 12550K, committed 13248K, reserved 1048576K
}
Event: 56.999 GC heap after
{Heap after GC invocations=22 (full 0):
 garbage-first heap   total 530432K, used 184279K [0x0000000700000000, 0x0000000800000000)
  region size 2048K, 8 young (16384K), 8 survivors (16384K)
 Metaspace       used 83890K, committed 85376K, reserved 1179648K
  class space    used 12550K, committed 13248K, reserved 1048576K
}
Event: 61.219 GC heap before
{Heap before GC invocations=22 (full 0):
 garbage-first heap   total 530432K, used 425943K [0x0000000700000000, 0x0000000800000000)
  region size 2048K, 127 young (260096K), 8 survivors (16384K)
 Metaspace       used 87906K, committed 89408K, reserved 1179648K
  class space    used 13162K, committed 13824K, reserved 1048576K
}
Event: 61.374 GC heap after
{Heap after GC invocations=23 (full 0):
 garbage-first heap   total 530432K, used 204759K [0x0000000700000000, 0x0000000800000000)
  region size 2048K, 16 young (32768K), 16 survivors (32768K)
 Metaspace       used 87906K, committed 89408K, reserved 1179648K
  class space    used 13162K, committed 13824K, reserved 1048576K
}
Event: 63.673 GC heap before
{Heap before GC invocations=23 (full 0):
 garbage-first heap   total 530432K, used 440279K [0x0000000700000000, 0x0000000800000000)
  region size 2048K, 125 young (256000K), 16 survivors (32768K)
 Metaspace       used 88686K, committed 90176K, reserved 1179648K
  class space    used 13261K, committed 13952K, reserved 1048576K
}
Event: 63.709 GC heap after
{Heap after GC invocations=24 (full 0):
 garbage-first heap   total 530432K, used 215716K [0x0000000700000000, 0x0000000800000000)
  region size 2048K, 5 young (10240K), 5 survivors (10240K)
 Metaspace       used 88686K, committed 90176K, reserved 1179648K
  class space    used 13261K, committed 13952K, reserved 1048576K
}
Event: 65.767 GC heap before
{Heap before GC invocations=24 (full 0):
 garbage-first heap   total 530432K, used 432804K [0x0000000700000000, 0x0000000800000000)
  region size 2048K, 111 young (227328K), 5 survivors (10240K)
 Metaspace       used 88843K, committed 90368K, reserved 1179648K
  class space    used 13273K, committed 13952K, reserved 1048576K
}
Event: 65.826 GC heap after
{Heap after GC invocations=25 (full 0):
 garbage-first heap   total 530432K, used 221737K [0x0000000700000000, 0x0000000800000000)
  region size 2048K, 9 young (18432K), 9 survivors (18432K)
 Metaspace       used 88843K, committed 90368K, reserved 1179648K
  class space    used 13273K, committed 13952K, reserved 1048576K
}
Event: 69.205 GC heap before
{Heap before GC invocations=25 (full 0):
 garbage-first heap   total 530432K, used 436777K [0x0000000700000000, 0x0000000800000000)
  region size 2048K, 114 young (233472K), 9 survivors (18432K)
 Metaspace       used 89269K, committed 90752K, reserved 1179648K
  class space    used 13315K, committed 13952K, reserved 1048576K
}
Event: 69.390 GC heap after
{Heap after GC invocations=26 (full 0):
 garbage-first heap   total 530432K, used 242544K [0x0000000700000000, 0x0000000800000000)
  region size 2048K, 15 young (30720K), 15 survivors (30720K)
 Metaspace       used 89269K, committed 90752K, reserved 1179648K
  class space    used 13315K, committed 13952K, reserved 1048576K
}

